<?xml version="1.0" encoding="UTF-8"?>
<testsuite xmlns:xsi="http://www.w3.org/2001/XMLSchema-instance" xsi:noNamespaceSchemaLocation="https://maven.apache.org/surefire/maven-surefire-plugin/xsd/surefire-test-report.xsd" name="com.learn.mycart.servlets.RegisterServletTest" time="4.122" tests="7" errors="0" skipped="0" failures="0">
  <properties>
[...]
</properties>
  <testcase name="testDoPost_InvalidEmail" classname="com.learn.mycart.servlets.RegisterServletTest" time="3.763"/>
  <testcase name="testDoPost_NameRequired" classname="com.learn.mycart.servlets.RegisterServletTest" time="0.022"/>
  <testcase name="testDoPost_SuccessfulRegistration" classname="com.learn.mycart.servlets.RegisterServletTest" time="0.03"/>
  <testcase name="testDoPost_AddressRequired" classname="com.learn.mycart.servlets.RegisterServletTest" time="0.023"/>
  <testcase name="testDoPost_InvalidPhoneNumber" classname="com.learn.mycart.servlets.RegisterServletTest" time="0.021"/>
  <testcase name="testDoPost_EmailRequired" classname="com.learn.mycart.servlets.RegisterServletTest" time="0.015"/>
  <testcase name="testDoPost_PasswordLength" classname="com.learn.mycart.servlets.RegisterServletTest" time="0.016"/>
</testsuite>